<?xml version="1.0" encoding="UTF-8"?>
<!-- Generated by org.testng.reporters.JUnitReportReporter -->
<testsuite skipped="0" hostname="HPlap" name="HeadlessBrowser.phantomJSTest.PhantomJSDriverTest" tests="1" failures="0" timestamp="01 Jul 2018 21:03:51 GMT" time="22.487" errors="0">
  <testcase name="YahooTest" time="22.487" classname="HeadlessBrowser.phantomJSTest.PhantomJSDriverTest"/>
</testsuite> <!-- HeadlessBrowser.phantomJSTest.PhantomJSDriverTest -->
